-------------------------------------------------
The trace creation timestamp is: ke huhti 09 14:26:58 25
The executable build timestamp is: ti syys 24 12:19:27 24
The datecode is: NA
The pro machine type is: NA
The process ID is: NA
The traceback type is : CRASH
-------------------------------------------------
Exception e0434352 (unknown) has occurred in the thread 26316.

Thread 26316
=====================
0x00007FFD04C5933A	NULL (NULL:0) (KERNELBASE:0x00007FFD04B90000) ( 0xe0434352, 0x32d3bf80, 0xc77d6bf0, 0x7c593cfe ) 
0x00007FFCE9A31058	NULL (NULL:0) (clr:0x00007FFCE98B0000) ( 0xfc0c6d90, 0x8ae08400, 0x32d3edc0, 0xe9a38341 ) 
0x00007FFCE9A30D33	NULL (NULL:0) (clr:0x00007FFCE98B0000) ( 0x70000459, 0x8ad9e450, 0xc77b2e68, 0xc77b2fc0 ) 
ERROR: Module information could not be found, GetLastError: 1114 (Address: 0000000000000000)
ERROR: Module information could not be found, GetLastError: 1114 (Address: 0000000000000000)
ERROR: Module information could not be found, GetLastError: 1114 (Address: 0000000000000000)
ERROR: Module information could not be found, GetLastError: 1114 (Address: 0000000000000000)
ERROR: Module information could not be found, GetLastError: 1114 (Address: 0000000000000000)
ERROR: Module information could not be found, GetLastError: 1114 (Address: 0000000000000000)
ERROR: Module information could not be found, GetLastError: 1114 (Address: 0000000000000000)
ERROR: Module information could not be found, GetLastError: 1114 (Address: 0000000000000000)
ERROR: Module information could not be found, GetLastError: 1114 (Address: 0000000000000000)
ERROR: Module information could not be found, GetLastError: 1114 (Address: 0000000000000000)
ERROR: Module information could not be found, GetLastError: 1114 (Address: 0000000000000000)
ERROR: Module information could not be found, GetLastError: 1114 (Address: 0000000000000000)
0x00007FFCE99CFD61	NULL (NULL:0) (clr:0x00007FFCE98B0000) ( 0xfc0c6d90, 0x8acf3f8f, 0x32d3ed20, 0xfc0c6e28 ) 
0x00007FFCE99CEF19	NULL (NULL:0) (clr:0x00007FFCE98B0000) ( 0x32d3ed20, 0x32d3c470, 0x1, 0x32d3f1f0 ) 
0x00007FFCE99CDE3F	NULL (NULL:0) (clr:0x00007FFCE98B0000) ( 0x0, 0x32d3ed20, 0x32d3cc40, 0x32d3cad0 ) 
0x00007FFD0762077F	NULL (NULL:0) (ntdll:0x00007FFD074C0000) ( 0x32d3cc40, 0x8adeea4c, 0x8acf3d9b, 0x8adeea4c ) 
0x00007FFD074FB4D2	NULL (NULL:0) (ntdll:0x00007FFD074C0000) ( 0x32d3d7d0, 0x0, 0x0, 0x0 ) 
0x00007FFCE99CD734	NULL (NULL:0) (clr:0x00007FFCE98B0000) ( 0x0, 0x32d3d1b0, 0x32d3d7d0, 0x0 ) 
0x00007FFCE99CDE0C	NULL (NULL:0) (clr:0x00007FFCE98B0000) ( 0x0, 0x32d3ed20, 0x81, 0x32d3d7d0 ) 
0x00007FFD076206FF	NULL (NULL:0) (ntdll:0x00007FFD074C0000) ( 0x81, 0x8aca0020, 0x8acf3d9b, 0x8adeea4c ) 
0x00007FFD074FA328	NULL (NULL:0) (ntdll:0x00007FFD074C0000) ( 0x32d3d9d0, 0x74f924f, 0x32d3d9d0, 0x76926dc ) 
0x00007FFD074F9336	NULL (NULL:0) (ntdll:0x00007FFD074C0000) ( 0x0, 0x32d3e3d8, 0x1, 0xe9981700 ) 
0x00007FFD04C5933A	NULL (NULL:0) (KERNELBASE:0x00007FFD04B90000) ( 0xe0434352, 0x32d3e2e0, 0xc77d5110, 0xe9cb27dc ) 
0x00007FFCE9A31058	NULL (NULL:0) (clr:0x00007FFCE98B0000) ( 0x673, 0x0, 0x50, 0x82066ef0 ) 
0x00007FFCE9CB5C19	NULL (NULL:0) (clr:0x00007FFCE98B0000) ( 0x2, 0x0, 0xc7672618, 0xffffffff ) 
0x00007FFCE9CB5CCD	NULL (NULL:0) (clr:0x00007FFCE98B0000) ( 0xc77d5110, 0xc77d5110, 0x88608e3d, 0x1 ) 
0x00007FFCE9CB5CDC	NULL (NULL:0) (clr:0x00007FFCE98B0000) ( 0x1, 0x32d3ea70, 0x0, 0xe98fe2db ) 
0x00007FFCE9E86199	NULL (NULL:0) (clr:0x00007FFCE98B0000) ( 0xa05fe4d0, 0xc77b2e68, 0xc77d5110, 0x0 ) 
0x00007FFCE9BC3354	NULL (NULL:0) (clr:0x00007FFCE98B0000) ( 0x0, 0xe46a5ed1, 0x0, 0x8a872e00 ) 
0x00007FFCE46BEF68	NULL (NULL:0) (mscorlib.ni:0x00007FFCE4140000) ( 0x800120a0, 0x6, 0x6, 0x6 ) 
0x00007FFCE469AA16	NULL (NULL:0) (mscorlib.ni:0x00007FFCE4140000) ( 0xc7676a38, 0x0, 0xc7356770, 0xe99eec43 ) 
0x00007FFCE4710263	NULL (NULL:0) (mscorlib.ni:0x00007FFCE4140000) ( 0x820c3d88, 0x81ee4358, 0x10158, 0x800120a0 ) 
ERROR: Module information could not be found, GetLastError: 1114 (Address: 0000000000000000)
ERROR: Module information could not be found, GetLastError: 1114 (Address: 0000000000000000)
ERROR: Module information could not be found, GetLastError: 1114 (Address: 0000000000000000)
ERROR: Module information could not be found, GetLastError: 1114 (Address: 0000000000000000)

Main Thread 1376
=====================
0x00007FFD04931314	NULL (NULL:0) (win32u:0x00007FFD04930000) ( 0xd12c9898, 0x2dffd1b0, 0x0, 0xc76e74d8 ) 
0x00007FFD05A48D02	NULL (NULL:0) (USER32:0x00007FFD05A10000) ( 0x2dffd130, 0x0, 0xc76e74d8, 0x0 ) 
0x00007FFD071186D0	NULL (NULL:0) (MSCTF:0x00007FFD070C0000) ( 0x0, 0x2dffd1b0, 0x2dffd1b0, 0x0 ) 
0x00007FFCD15F344A	NULL (NULL:0) (WindowsBase.ni:0x00007FFCD12B0000) ( 0xbfd059b8, 0x2dffdf00, 0xd1318a90, 0xd1318a90 ) 
0x00007FFCD13F40F0	NULL (NULL:0) (WindowsBase.ni:0x00007FFCD12B0000) ( 0x1, 0x8a15a7b0, 0xc77b48d0, 0xc77b48d0 ) 
0x00007FFCD13F286F	NULL (NULL:0) (WindowsBase.ni:0x00007FFCD12B0000) ( 0x8000e0b8, 0x1, 0x0, 0x10023b ) 
0x00007FFCCF227311	NULL (NULL:0) (PresentationFramework.ni:0x00007FFCCECC0000) ( 0xc76e88e0, 0xfc0e22f0, 0x2dffd178, 0x0 ) 
0x00007FFCCFAB49DE	NULL (NULL:0) (PresentationFramework.ni:0x00007FFCCECC0000) ( 0xc76e88e0, 0x0, 0x4, 0xc7721b08 ) 
ERROR: Module information could not be found, GetLastError: 1114 (Address: 0000000000000000)

Thread 10000
=====================
0x00007FFD0761CB14	NULL (NULL:0) (ntdll:0x00007FFD074C0000) ( 0x45004e, 0x2e0058, 0x0, 0x750047 ) 
0x00007FFD04BDE153	NULL (NULL:0) (KERNELBASE:0x00007FFD04B90000) ( 0xfc0bd770, 0xfc0be9b0, 0xfc0bd770, 0xfc0be9b0 ) 
0x00007FFCE9A18AA6	NULL (NULL:0) (clr:0x00007FFCE98B0000) ( 0xfc0bd770, 0xfc0bd770, 0xfc0bd7a8, 0xfc0be9b0 ) 
0x00007FFCE9A1898C	NULL (NULL:0) (clr:0x00007FFCE98B0000) ( 0x0, 0x0, 0x0, 0x0 ) 
0x00007FFCE9A18826	NULL (NULL:0) (clr:0x00007FFCE98B0000) ( 0x0, 0x0, 0x0, 0x0 ) 
0x00007FFD0621E8D7	NULL (NULL:0) (KERNEL32:0x00007FFD061F0000) ( 0x0, 0x0, 0xfffffb30, 0xfffffb30 ) 

Thread 3184
=====================
0x00007FFD0761CB14	NULL (NULL:0) (ntdll:0x00007FFD074C0000) ( 0xbbe0181d, 0xea0975a0, 0x2f3ffcc8, 0xd0521e30 ) 
0x00007FFD04BDE153	NULL (NULL:0) (KERNELBASE:0x00007FFD04B90000) ( 0x2f3ffe50, 0x1, 0x1, 0x1 ) 
0x00007FFCE98D6A2F	NULL (NULL:0) (clr:0x00007FFCE98B0000) ( 0x0, 0x1, 0x1, 0x2f3ffe50 ) 
0x00007FFCE98D67E0	NULL (NULL:0) (clr:0x00007FFCE98B0000) ( 0xfc10ab60, 0x2f3ffd38, 0xfc10ab60, 0xe99ff1a3 ) 
0x00007FFCE9916FCB	NULL (NULL:0) (clr:0x00007FFCE98B0000) ( 0x0, 0xe98d841b, 0xfc10ab60, 0xe9994d65 ) 
0x00007FFCE9916EEF	NULL (NULL:0) (clr:0x00007FFCE98B0000) ( 0xfc10ab60, 0xcc71b08c, 0x7, 0x1 ) 
0x00007FFCE9916DBB	NULL (NULL:0) (clr:0x00007FFCE98B0000) ( 0xffffffff, 0xfc10ab60, 0x0, 0x1 ) 
0x00007FFCE9948C37	NULL (NULL:0) (clr:0x00007FFCE98B0000) ( 0x0, 0x0, 0x0, 0x0 ) 
0x00007FFCE9A25F5A	NULL (NULL:0) (clr:0x00007FFCE98B0000) ( 0x0, 0x0, 0x0, 0x0 ) 
0x00007FFD0621E8D7	NULL (NULL:0) (KERNEL32:0x00007FFD061F0000) ( 0x0, 0x0, 0xfffffb30, 0xfffffb30 ) 

Thread 10984
=====================
0x00007FFD0761CB14	NULL (NULL:0) (ntdll:0x00007FFD074C0000) ( 0x0, 0x0, 0x73b27a8, 0x2f7ff1a0 ) 
0x00007FFD04BDE153	NULL (NULL:0) (KERNELBASE:0x00007FFD04B90000) ( 0x3d8, 0x0, 0x3d8, 0x0 ) 
0x00007FFD053FFD6E	NULL (NULL:0) (combase:0x00007FFD052C0000) ( 0xfe5f4980, 0x0, 0x2000002, 0x2000002 ) 
0x00007FFD053F83A1	NULL (NULL:0) (combase:0x00007FFD052C0000) ( 0x0, 0x0, 0x0, 0x0 ) 
0x00007FFD053F8259	NULL (NULL:0) (combase:0x00007FFD052C0000) ( 0x0, 0x0, 0x0, 0x0 ) 
0x00007FFD0621E8D7	NULL (NULL:0) (KERNEL32:0x00007FFD061F0000) ( 0x0, 0x0, 0xfffffb30, 0xfffffb30 ) 

Thread 26920
=====================
0x00007FFD0761FC74	NULL (NULL:0) (ntdll:0x00007FFD074C0000) ( 0x10, 0x0, 0x74d4c90, 0xfc081a80 ) 
0x00007FFD074D582E	NULL (NULL:0) (ntdll:0x00007FFD074C0000) ( 0x0, 0x0, 0x0, 0x0 ) 
0x00007FFD0621E8D7	NULL (NULL:0) (KERNEL32:0x00007FFD061F0000) ( 0x0, 0x0, 0xfffffb30, 0xfffffb30 ) 

Thread 21016
=====================
0x00007FFD0761FC74	NULL (NULL:0) (ntdll:0x00007FFD074C0000) ( 0x10, 0x0, 0x74d4c90, 0xfc081a80 ) 
0x00007FFD074D582E	NULL (NULL:0) (ntdll:0x00007FFD074C0000) ( 0x0, 0x0, 0x0, 0x0 ) 
0x00007FFD0621E8D7	NULL (NULL:0) (KERNEL32:0x00007FFD061F0000) ( 0x0, 0x0, 0xfffffb30, 0xfffffb30 ) 

Thread 27104
=====================
0x00007FFD0493AC94	NULL (NULL:0) (win32u:0x00007FFD04930000) ( 0x0, 0xec550592, 0x0, 0x303ffc10 ) 
0x00007FFCF6A0EE94	NULL (NULL:0) (asyncoremt:0x00007FFCF69D0000) ( 0xff7405b0, 0xff7405b0, 0xff73da90, 0xfedb4790 ) 
0x00007FFCF6A088A6	NULL (NULL:0) (asyncoremt:0x00007FFCF69D0000) ( 0xff7405b0, 0xff7416b0, 0xfedb2db8, 0xec541b63 ) 
0x00007FFCF6A0860A	NULL (NULL:0) (asyncoremt:0x00007FFCF69D0000) ( 0xff7416b0, 0xff7308f0, 0x0, 0xff7416b0 ) 
0x00007FFCF6A089DF	NULL (NULL:0) (asyncoremt:0x00007FFCF69D0000) ( 0xffbebbe0, 0x0, 0x0, 0x0 ) 
0x00007FFD046A37B0	NULL (NULL:0) (ucrtbase:0x00007FFD046A0000) ( 0x0, 0x0, 0x0, 0x0 ) 
0x00007FFD0621E8D7	NULL (NULL:0) (KERNEL32:0x00007FFD061F0000) ( 0x0, 0x0, 0xfffffb30, 0xfffffb30 ) 

Thread 24560
=====================
0x00007FFD0761CB14	NULL (NULL:0) (ntdll:0x00007FFD074C0000) ( 0x0, 0x0, 0x1f, 0xff7420b0 ) 
0x00007FFD04BDE153	NULL (NULL:0) (KERNELBASE:0x00007FFD04B90000) ( 0xff740840, 0xff740710, 0xfedad7d8, 0x307ff8b0 ) 
0x00007FFCF69D19D6	NULL (NULL:0) (asyncoremt:0x00007FFCF69D0000) ( 0xa61fe41, 0xa61fe41, 0x1, 0xff740710 ) 
0x00007FFCF69DBFD4	NULL (NULL:0) (asyncoremt:0x00007FFCF69D0000) ( 0xff7406c0, 0xff7406c0, 0x0, 0x0 ) 
0x00007FFCF6A0EF8E	NULL (NULL:0) (asyncoremt:0x00007FFCF69D0000) ( 0xff740840, 0xec542d62, 0xfedb2db8, 0xfedb5030 ) 
0x00007FFCF6A088A6	NULL (NULL:0) (asyncoremt:0x00007FFCF69D0000) ( 0xff7406c0, 0xff741c00, 0xfedb2db8, 0xec541b63 ) 
0x00007FFCF6A0860A	NULL (NULL:0) (asyncoremt:0x00007FFCF69D0000) ( 0xff741c00, 0xff7308f0, 0x0, 0xff741c00 ) 
0x00007FFCF6A089DF	NULL (NULL:0) (asyncoremt:0x00007FFCF69D0000) ( 0xffbebac0, 0x0, 0x0, 0x0 ) 
0x00007FFD046A37B0	NULL (NULL:0) (ucrtbase:0x00007FFD046A0000) ( 0x0, 0x0, 0x0, 0x0 ) 
0x00007FFD0621E8D7	NULL (NULL:0) (KERNEL32:0x00007FFD061F0000) ( 0x0, 0x0, 0xfffffb30, 0xfffffb30 ) 

Thread 16216
=====================
0x00007FFD0761CB14	NULL (NULL:0) (ntdll:0x00007FFD074C0000) ( 0x0, 0x0, 0x0, 0x0 ) 
0x00007FFD04BDE153	NULL (NULL:0) (KERNELBASE:0x00007FFD04B90000) ( 0xffffffff, 0xffffffff, 0xfedb0a68, 0x30bff450 ) 
0x00007FFCF69D19D6	NULL (NULL:0) (asyncoremt:0x00007FFCF69D0000) ( 0x4e59ab1e, 0x4e59ab1e, 0x1, 0xff7414e8 ) 
0x00007FFCF69DBFD4	NULL (NULL:0) (asyncoremt:0x00007FFCF69D0000) ( 0x1, 0xff741490, 0x0, 0x4f8ae540 ) 
0x00007FFCF6A0EFFE	NULL (NULL:0) (asyncoremt:0x00007FFCF69D0000) ( 0xff741620, 0xec54e4f1, 0xff741490, 0xff742150 ) 
0x00007FFCF6A0923D	NULL (NULL:0) (asyncoremt:0x00007FFCF69D0000) ( 0xff741490, 0xff741490, 0xff73db30, 0xff690870 ) 
0x00007FFCF6A088A6	NULL (NULL:0) (asyncoremt:0x00007FFCF69D0000) ( 0xff741490, 0xff742150, 0xfedb2db8, 0xec541b63 ) 
0x00007FFCF6A0860A	NULL (NULL:0) (asyncoremt:0x00007FFCF69D0000) ( 0xff742150, 0xff7308f0, 0x0, 0xff742150 ) 
0x00007FFCF6A089DF	NULL (NULL:0) (asyncoremt:0x00007FFCF69D0000) ( 0xffbeb9d0, 0x0, 0x0, 0x0 ) 
0x00007FFD046A37B0	NULL (NULL:0) (ucrtbase:0x00007FFD046A0000) ( 0x0, 0x0, 0x0, 0x0 ) 
0x00007FFD0621E8D7	NULL (NULL:0) (KERNEL32:0x00007FFD061F0000) ( 0x0, 0x0, 0xfffffb30, 0xfffffb30 ) 

Thread 24812
=====================
0x00007FFD0761FC74	NULL (NULL:0) (ntdll:0x00007FFD074C0000) ( 0xfc080000, 0x0, 0x74d3fe0, 0xfe62da90 ) 
0x00007FFD074D582E	NULL (NULL:0) (ntdll:0x00007FFD074C0000) ( 0x0, 0x0, 0x0, 0x0 ) 
0x00007FFD0621E8D7	NULL (NULL:0) (KERNEL32:0x00007FFD061F0000) ( 0x0, 0x0, 0xfffffb30, 0xfffffb30 ) 

Thread 13124
=====================
0x00007FFD0761C644	NULL (NULL:0) (ntdll:0x00007FFD074C0000) ( 0x0, 0xfc12a448, 0xe43c930b, 0x1 ) 
0x00007FFD0758B6F4	NULL (NULL:0) (ntdll:0x00007FFD074C0000) ( 0x1, 0x0, 0x0, 0x0 ) 
0x00007FFD04C08C91	NULL (NULL:0) (KERNELBASE:0x00007FFD04B90000) ( 0x1, 0x1, 0x9e3b9800, 0xe992238b ) 
0x00007FFCE9A2C011	NULL (NULL:0) (clr:0x00007FFCE98B0000) ( 0x36ee80, 0x2d9cfba0, 0xffd515b0, 0x0 ) 
0x00007FFCE9A2BFAF	NULL (NULL:0) (clr:0x00007FFCE98B0000) ( 0x0, 0x0, 0x0, 0x0 ) 
0x00007FFD0621E8D7	NULL (NULL:0) (KERNEL32:0x00007FFD061F0000) ( 0x0, 0x0, 0xfffffb30, 0xfffffb30 ) 

Thread 26260
=====================
0x00007FFD0761C044	NULL (NULL:0) (ntdll:0x00007FFD074C0000) ( 0xfe617780, 0x5353548, 0xfe617780, 0x0 ) 
0x00007FFD04BDCDCF	NULL (NULL:0) (KERNELBASE:0x00007FFD04B90000) ( 0x0, 0x0, 0x0, 0xb38 ) 
0x00007FFCE999E6BA	NULL (NULL:0) (clr:0x00007FFCE98B0000) ( 0xffcbcf40, 0x4e20, 0x0, 0x317ff678 ) 
0x00007FFCE98CF1EB	NULL (NULL:0) (clr:0x00007FFCE98B0000) ( 0x0, 0x9800ba50, 0x317ff740, 0x0 ) 
0x00007FFCE999E0B3	NULL (NULL:0) (clr:0x00007FFCE98B0000) ( 0x0, 0x0, 0x1, 0x40b ) 
0x00007FFCE9A25F5A	NULL (NULL:0) (clr:0x00007FFCE98B0000) ( 0x0, 0x0, 0x0, 0x0 ) 
0x00007FFD0621E8D7	NULL (NULL:0) (KERNEL32:0x00007FFD061F0000) ( 0x0, 0x0, 0xfffffb30, 0xfffffb30 ) 

Thread 21384
=====================
0x00007FFD0761C044	NULL (NULL:0) (ntdll:0x00007FFD074C0000) ( 0x98043bc0, 0x5353548, 0x98043bc0, 0xe9922e5a ) 
0x00007FFD04BDCDCF	NULL (NULL:0) (KERNELBASE:0x00007FFD04B90000) ( 0x0, 0x0, 0x0, 0xb38 ) 
0x00007FFCE999E6BA	NULL (NULL:0) (clr:0x00007FFCE98B0000) ( 0xffcbcf40, 0x4e20, 0x0, 0x31c3f778 ) 
0x00007FFCE98CF1EB	NULL (NULL:0) (clr:0x00007FFCE98B0000) ( 0x1, 0xffd54460, 0x31c3f840, 0x0 ) 
0x00007FFCE999E0B3	NULL (NULL:0) (clr:0x00007FFCE98B0000) ( 0x0, 0x0, 0x1, 0x40b ) 
0x00007FFCE9A25F5A	NULL (NULL:0) (clr:0x00007FFCE98B0000) ( 0x0, 0x0, 0x0, 0x0 ) 
0x00007FFD0621E8D7	NULL (NULL:0) (KERNEL32:0x00007FFD061F0000) ( 0x0, 0x0, 0xfffffb30, 0xfffffb30 ) 

Thread 24656
=====================
0x00007FFD0761C044	NULL (NULL:0) (ntdll:0x00007FFD074C0000) ( 0x3203fbc0, 0xffd5db70, 0xffd5db70, 0x7e8632f6 ) 
0x00007FFD04BDCDCF	NULL (NULL:0) (KERNELBASE:0x00007FFD04B90000) ( 0xffcbd940, 0x0, 0x0, 0xc20 ) 
0x00007FFC7E78D937	NULL (NULL:0) (wpfgfx_v0400:0x00007FFC7E780000) ( 0xffc4e910, 0x0, 0xffc4e910, 0x0 ) 
0x00007FFC7E78DE21	NULL (NULL:0) (wpfgfx_v0400:0x00007FFC7E780000) ( 0x0, 0x0, 0x0, 0x0 ) 
0x00007FFC7E78DBE3	NULL (NULL:0) (wpfgfx_v0400:0x00007FFC7E780000) ( 0x0, 0x0, 0x0, 0x0 ) 
0x00007FFD0621E8D7	NULL (NULL:0) (KERNEL32:0x00007FFD061F0000) ( 0x0, 0x0, 0xfffffb30, 0xfffffb30 ) 

Thread 3704
=====================
0x00007FFD0761CB14	NULL (NULL:0) (ntdll:0x00007FFD074C0000) ( 0x9f6ebe80, 0x0, 0x0, 0x3283fb18 ) 
0x00007FFD04BDE153	NULL (NULL:0) (KERNELBASE:0x00007FFD04B90000) ( 0x0, 0x9f6f289b, 0x1, 0x9a06b738 ) 
0x00007FFD04BDE021	NULL (NULL:0) (KERNELBASE:0x00007FFD04B90000) ( 0x1, 0x9a06b730, 0x3283faa8, 0x0 ) 
0x000002739F6EBF38	NULL (NULL:0) (utl:0x000002739F6E0000) ( 0x0, 0xe98, 0x0, 0x0 ) 
0x00007FFD0621E8D7	NULL (NULL:0) (KERNEL32:0x00007FFD061F0000) ( 0x0, 0x0, 0xfffffb30, 0xfffffb30 ) 

Thread 3040
=====================
0x00007FFD0761C044	NULL (NULL:0) (ntdll:0x00007FFD074C0000) ( 0x0, 0xff743320, 0x0, 0xff743390 ) 
0x00007FFD04BDCDCF	NULL (NULL:0) (KERNELBASE:0x00007FFD04B90000) ( 0xfedb2db8, 0xff743390, 0x0, 0xf58 ) 
0x00007FFCCB3DAD37	NULL (NULL:0) (baselibmt:0x00007FFCCB3A0000) ( 0xfedb2db8, 0xff747001, 0x8, 0x40 ) 
0x00007FFCF6A08705	NULL (NULL:0) (asyncoremt:0x00007FFCF69D0000) ( 0xff7433b0, 0xff7308f0, 0x0, 0xff7433b0 ) 
0x00007FFCF6A089DF	NULL (NULL:0) (asyncoremt:0x00007FFCF69D0000) ( 0x982ffac0, 0x0, 0x0, 0x0 ) 
0x00007FFD046A37B0	NULL (NULL:0) (ucrtbase:0x00007FFD046A0000) ( 0x0, 0x0, 0x0, 0x0 ) 
0x00007FFD0621E8D7	NULL (NULL:0) (KERNEL32:0x00007FFD061F0000) ( 0x0, 0x0, 0xfffffb30, 0xfffffb30 ) 

Thread 14172
=====================
0x00007FFD0761C044	NULL (NULL:0) (ntdll:0x00007FFD074C0000) ( 0x32d7ec28, 0xb87d0000, 0xbbe0181d, 0xea0975a0 ) 
0x00007FFD04BDCDCF	NULL (NULL:0) (KERNELBASE:0x00007FFD04B90000) ( 0xffbf8310, 0xe99eec43, 0x0, 0x1354 ) 
ERROR: Module information could not be found, GetLastError: 1114 (Address: 0000000000000000)
ERROR: Module information could not be found, GetLastError: 1114 (Address: 0000000000000000)
0x00007FFCE99EEC43	NULL (NULL:0) (clr:0x00007FFCE98B0000) ( 0x8a825e18, 0x32d7ecb0, 0x8a760183, 0x32d7ed50 ) 
ERROR: Module information could not be found, GetLastError: 1114 (Address: 0000000000000000)
ERROR: Module information could not be found, GetLastError: 1114 (Address: 0000000000000000)
ERROR: Module information could not be found, GetLastError: 1114 (Address: 0000000000000000)
ERROR: Module information could not be found, GetLastError: 1114 (Address: 0000000000000000)
ERROR: Module information could not be found, GetLastError: 1114 (Address: 0000000000000000)
ERROR: Module information could not be found, GetLastError: 1114 (Address: 0000000000000000)
ERROR: Module information could not be found, GetLastError: 1114 (Address: 0000000000000000)
ERROR: Module information could not be found, GetLastError: 1114 (Address: 0000000000000000)
ERROR: Module information could not be found, GetLastError: 1114 (Address: 0000000000000000)
ERROR: Module information could not be found, GetLastError: 1114 (Address: 0000000000000000)
ERROR: Module information could not be found, GetLastError: 1114 (Address: 0000000000000000)
ERROR: Module information could not be found, GetLastError: 1114 (Address: 0000000000000000)
ERROR: Module information could not be found, GetLastError: 1114 (Address: 0000000000000000)
ERROR: Module information could not be found, GetLastError: 1114 (Address: 0000000000000000)
ERROR: Module information could not be found, GetLastError: 1114 (Address: 0000000000000000)
ERROR: Module information could not be found, GetLastError: 1114 (Address: 0000000000000000)
ERROR: Module information could not be found, GetLastError: 1114 (Address: 0000000000000000)
ERROR: Module information could not be found, GetLastError: 1114 (Address: 0000000000000000)
ERROR: Module information could not be found, GetLastError: 1114 (Address: 0000000000000000)
ERROR: Module information could not be found, GetLastError: 1114 (Address: 0000000000000000)
ERROR: Module information could not be found, GetLastError: 1114 (Address: 0000000000000000)
ERROR: Module information could not be found, GetLastError: 1114 (Address: 0000000000000000)
ERROR: Module information could not be found, GetLastError: 1114 (Address: 0000000000000000)
ERROR: Module information could not be found, GetLastError: 1114 (Address: 0000000000000000)
ERROR: Module information could not be found, GetLastError: 1114 (Address: 0000000000000000)
ERROR: Module information could not be found, GetLastError: 1114 (Address: 0000000000000000)
ERROR: Module information could not be found, GetLastError: 1114 (Address: 0000000000000000)
ERROR: Module information could not be found, GetLastError: 1114 (Address: 0000000000000000)
ERROR: Module information could not be found, GetLastError: 1114 (Address: 0000000000000000)
ERROR: Module information could not be found, GetLastError: 1114 (Address: 0000000000000000)
ERROR: Module information could not be found, GetLastError: 1114 (Address: 0000000000000000)
ERROR: Module information could not be found, GetLastError: 1114 (Address: 0000000000000000)
ERROR: Module information could not be found, GetLastError: 1114 (Address: 0000000000000000)
ERROR: Module information could not be found, GetLastError: 1114 (Address: 0000000000000000)
ERROR: Module information could not be found, GetLastError: 1114 (Address: 0000000000000000)
ERROR: Module information could not be found, GetLastError: 1114 (Address: 0000000000000000)
ERROR: Module information could not be found, GetLastError: 1114 (Address: 0000000000000000)
ERROR: Module information could not be found, GetLastError: 1114 (Address: 0000000000000000)

Thread 8692
=====================
0x00007FFD0761C044	NULL (NULL:0) (ntdll:0x00007FFD074C0000) ( 0x982ffaf0, 0x46be0fb, 0xfc080000, 0x0 ) 
0x00007FFD04BDCDCF	NULL (NULL:0) (KERNELBASE:0x00007FFD04B90000) ( 0xa5065c98, 0xa06d4f00, 0x0, 0x1a18 ) 
0x00000273A50595FE	NULL (NULL:0) (efisymbolics-umgd:0x00000273A5050000) ( 0x0, 0xa5065c98, 0x0, 0x0 ) 
0x00007FFD0621E8D7	NULL (NULL:0) (KERNEL32:0x00007FFD061F0000) ( 0x0, 0x0, 0xfffffb30, 0xfffffb30 ) 

Thread 3132
=====================
0x00007FFD0761C044	NULL (NULL:0) (ntdll:0x00007FFD074C0000) ( 0x98040b30, 0x5353548, 0x98040b30, 0xe9922e5a ) 
0x00007FFD04BDCDCF	NULL (NULL:0) (KERNELBASE:0x00007FFD04B90000) ( 0x0, 0x0, 0x0, 0xb38 ) 
0x00007FFCE999E6BA	NULL (NULL:0) (clr:0x00007FFCE98B0000) ( 0xffcbcf40, 0x4e20, 0x0, 0x339fea68 ) 
0x00007FFCE98CF1EB	NULL (NULL:0) (clr:0x00007FFCE98B0000) ( 0x2, 0xa3ff99d0, 0x339feb30, 0x0 ) 
0x00007FFCE999E0B3	NULL (NULL:0) (clr:0x00007FFCE98B0000) ( 0x0, 0x7502b00, 0x1, 0x40b ) 
0x00007FFCE9A25F5A	NULL (NULL:0) (clr:0x00007FFCE98B0000) ( 0x0, 0x0, 0x0, 0x0 ) 
0x00007FFD0621E8D7	NULL (NULL:0) (KERNEL32:0x00007FFD061F0000) ( 0x0, 0x0, 0xfffffb30, 0xfffffb30 ) 

Thread 16864
=====================
0x00007FFD0761C044	NULL (NULL:0) (ntdll:0x00007FFD074C0000) ( 0x98042de0, 0x5353548, 0x98042de0, 0xe9922e5a ) 
0x00007FFD04BDCDCF	NULL (NULL:0) (KERNELBASE:0x00007FFD04B90000) ( 0x0, 0x0, 0x0, 0xb38 ) 
0x00007FFCE999E6BA	NULL (NULL:0) (clr:0x00007FFCE98B0000) ( 0xffcbcf40, 0x4e20, 0x0, 0x3317e9d8 ) 
0x00007FFCE98CF1EB	NULL (NULL:0) (clr:0x00007FFCE98B0000) ( 0x1, 0xa3ff9200, 0x3317eaa0, 0x0 ) 
0x00007FFCE999E0B3	NULL (NULL:0) (clr:0x00007FFCE98B0000) ( 0x0, 0x0, 0x301, 0x40b ) 
0x00007FFCE9A25F5A	NULL (NULL:0) (clr:0x00007FFCE98B0000) ( 0x0, 0x0, 0x0, 0x0 ) 
0x00007FFD0621E8D7	NULL (NULL:0) (KERNEL32:0x00007FFD061F0000) ( 0x0, 0x0, 0xfffffb30, 0xfffffb30 ) 

Thread 16884
=====================
0x00007FFD0761C044	NULL (NULL:0) (ntdll:0x00007FFD074C0000) ( 0x980424a0, 0x5353548, 0x980424a0, 0xe9922e5a ) 
0x00007FFD04BDCDCF	NULL (NULL:0) (KERNELBASE:0x00007FFD04B90000) ( 0x0, 0x0, 0x0, 0xb38 ) 
0x00007FFCE999E6BA	NULL (NULL:0) (clr:0x00007FFCE98B0000) ( 0xffcbcf40, 0x4e20, 0x0, 0x33dfe838 ) 
0x00007FFCE98CF1EB	NULL (NULL:0) (clr:0x00007FFCE98B0000) ( 0x0, 0xa3ffa1a0, 0x33dfe900, 0x0 ) 
0x00007FFCE999E0B3	NULL (NULL:0) (clr:0x00007FFCE98B0000) ( 0x0, 0x0, 0x301, 0x40b ) 
0x00007FFCE9A25F5A	NULL (NULL:0) (clr:0x00007FFCE98B0000) ( 0x0, 0x0, 0x0, 0x0 ) 
0x00007FFD0621E8D7	NULL (NULL:0) (KERNEL32:0x00007FFD061F0000) ( 0x0, 0x0, 0xfffffb30, 0xfffffb30 ) 

Thread 16972
=====================
0x00007FFD0761C044	NULL (NULL:0) (ntdll:0x00007FFD074C0000) ( 0x98042250, 0x5353548, 0x98042250, 0xe9922e5a ) 
0x00007FFD04BDCDCF	NULL (NULL:0) (KERNELBASE:0x00007FFD04B90000) ( 0x0, 0x0, 0x0, 0xb38 ) 
0x00007FFCE999E6BA	NULL (NULL:0) (clr:0x00007FFCE98B0000) ( 0xffcbcf40, 0x4e20, 0x0, 0x341fe9d8 ) 
0x00007FFCE98CF1EB	NULL (NULL:0) (clr:0x00007FFCE98B0000) ( 0x3, 0xa3ffa970, 0x341feaa0, 0x0 ) 
0x00007FFCE999E0B3	NULL (NULL:0) (clr:0x00007FFCE98B0000) ( 0x0, 0x660000, 0x6c0001, 0x40b ) 
0x00007FFCE9A25F5A	NULL (NULL:0) (clr:0x00007FFCE98B0000) ( 0x0, 0x0, 0x0, 0x0 ) 
0x00007FFD0621E8D7	NULL (NULL:0) (KERNEL32:0x00007FFD061F0000) ( 0x0, 0x0, 0xfffffb30, 0xfffffb30 ) 

Thread 21400
=====================
0x00007FFD0761C044	NULL (NULL:0) (ntdll:0x00007FFD074C0000) ( 0x98041220, 0x5353548, 0x98041220, 0xe9922e5a ) 
0x00007FFD04BDCDCF	NULL (NULL:0) (KERNELBASE:0x00007FFD04B90000) ( 0x0, 0x0, 0x0, 0xb38 ) 
0x00007FFCE999E6BA	NULL (NULL:0) (clr:0x00007FFCE98B0000) ( 0xffcbcf40, 0x4e20, 0x0, 0x345ffbf8 ) 
0x00007FFCE98CF1EB	NULL (NULL:0) (clr:0x00007FFCE98B0000) ( 0x3, 0x9fbdc890, 0x345ffcc0, 0x0 ) 
0x00007FFCE999E0B3	NULL (NULL:0) (clr:0x00007FFCE98B0000) ( 0x0, 0x0, 0x1, 0x40b ) 
0x00007FFCE9A25F5A	NULL (NULL:0) (clr:0x00007FFCE98B0000) ( 0x0, 0x0, 0x0, 0x0 ) 
0x00007FFD0621E8D7	NULL (NULL:0) (KERNEL32:0x00007FFD061F0000) ( 0x0, 0x0, 0xfffffb30, 0xfffffb30 ) 

Thread 6344
=====================
0x00007FFD0761C044	NULL (NULL:0) (ntdll:0x00007FFD074C0000) ( 0x98043030, 0x5353548, 0x98043030, 0xe9922e5a ) 
0x00007FFD04BDCDCF	NULL (NULL:0) (KERNELBASE:0x00007FFD04B90000) ( 0x0, 0x0, 0x0, 0xb38 ) 
0x00007FFCE999E6BA	NULL (NULL:0) (clr:0x00007FFCE98B0000) ( 0xffcbcf40, 0x4e20, 0x0, 0x34dff7d8 ) 
0x00007FFCE98CF1EB	NULL (NULL:0) (clr:0x00007FFCE98B0000) ( 0x2, 0x9fbda950, 0x34dff8a0, 0x0 ) 
0x00007FFCE999E0B3	NULL (NULL:0) (clr:0x00007FFCE98B0000) ( 0x0, 0x0, 0x1, 0x40b ) 
0x00007FFCE9A25F5A	NULL (NULL:0) (clr:0x00007FFCE98B0000) ( 0x0, 0x0, 0x0, 0x0 ) 
0x00007FFD0621E8D7	NULL (NULL:0) (KERNEL32:0x00007FFD061F0000) ( 0x0, 0x0, 0xfffffb30, 0xfffffb30 ) 

Thread 26632
=====================
0x00007FFD0761C044	NULL (NULL:0) (ntdll:0x00007FFD074C0000) ( 0x98042940, 0x5353548, 0x98042940, 0xe9922e5a ) 
0x00007FFD04BDCDCF	NULL (NULL:0) (KERNELBASE:0x00007FFD04B90000) ( 0x0, 0x0, 0x0, 0xb38 ) 
0x00007FFCE999E6BA	NULL (NULL:0) (clr:0x00007FFCE98B0000) ( 0xffcbcf40, 0x4e20, 0x0, 0x349ff698 ) 
0x00007FFCE98CF1EB	NULL (NULL:0) (clr:0x00007FFCE98B0000) ( 0x2, 0x9fbdc0c0, 0x349ff760, 0x0 ) 
0x00007FFCE999E0B3	NULL (NULL:0) (clr:0x00007FFCE98B0000) ( 0x0, 0x0, 0x1, 0x40b ) 
0x00007FFCE9A25F5A	NULL (NULL:0) (clr:0x00007FFCE98B0000) ( 0x0, 0x0, 0x0, 0x0 ) 
0x00007FFD0621E8D7	NULL (NULL:0) (KERNEL32:0x00007FFD061F0000) ( 0x0, 0x0, 0xfffffb30, 0xfffffb30 ) 

Thread 2736
=====================
btkWinTraceback: Couldn't capture the context of the thread ...

Thread 7512
=====================
0x00007FFD0761CB14	NULL (NULL:0) (ntdll:0x00007FFD074C0000) ( 0x0, 0x0, 0x0, 0x0 ) 
0x00007FFD04BDE153	NULL (NULL:0) (KERNELBASE:0x00007FFD04B90000) ( 0x2d9dfea0, 0x0, 0xcfdf5630, 0x0 ) 
0x00007FFD04BDE021	NULL (NULL:0) (KERNELBASE:0x00007FFD04B90000) ( 0x4f0df00, 0x4cdf698, 0x0, 0x0 ) 
0x00007FFCB7FBA6C8	NULL (NULL:0) (nvd3dumx:0x00007FFCB7CF0000) ( 0x80001, 0xcf79fab0, 0x4, 0x0 ) 
0x00007FFCB7E557ED	NULL (NULL:0) (nvd3dumx:0x00007FFCB7CF0000) ( 0xa4676570, 0x0, 0x0, 0x0 ) 
0x00007FFCB81FD992	NULL (NULL:0) (nvd3dumx:0x00007FFCB7CF0000) ( 0x0, 0x0, 0x0, 0x0 ) 
0x00007FFD0621E8D7	NULL (NULL:0) (KERNEL32:0x00007FFD061F0000) ( 0x0, 0x0, 0xfffffb30, 0xfffffb30 ) 

Thread 20944
=====================
0x00007FFD0761FC74	NULL (NULL:0) (ntdll:0x00007FFD074C0000) ( 0x0, 0x0, 0x74d4c90, 0xfc081a80 ) 
0x00007FFD074D582E	NULL (NULL:0) (ntdll:0x00007FFD074C0000) ( 0x0, 0x0, 0x0, 0x0 ) 
0x00007FFD0621E8D7	NULL (NULL:0) (KERNEL32:0x00007FFD061F0000) ( 0x0, 0x0, 0xfffffb30, 0xfffffb30 ) 
